Found 4 device(s):
  0:  Realtek, RTL2838UHIDIR, SN: 00000001
  1:  Realtek, RTL2838UHIDIR, SN: 00000001
  2:  Realtek, RTL2838UHIDIR, SN: 00000001
  3:  Realtek, RTL2838UHIDIR, SN: 00000001

Using device 3: Generic RTL2832U OEM
Found Rafael Micro R820T tuner
Exact sample rate is: 250000.000414 Hz
[R82XX] PLL not locked!
Sampling at 250000 S/s.
Tuned to 150050000 Hz.
Tuner gain set to 49.60 dB.
Reading samples in async mode...
Ignoring signals shorter than 0.010000 and longer than 0.030000
Will print timestamp every 1500000 transforms
2020-07-22 19:36:49.034725507
timestamp;samples;duration;signal_freq;signal_bw;max_signal;noise
2020-07-22 19:36:50.052325447;5152;0.012800  ;-32111.105469;5000.000000;79.363724;-35.407112
2020-07-22 19:36:50.052325447;5152;0.012800  ;113000.015625;5000.000000;82.038864;-38.657623
2020-07-22 19:36:50.052325447;5184;0.019200  ;-49046.871094;21000.000000;90.039932;-28.650063
2020-07-22 19:36:50.087525447;5328;0.012800  ;-49655.730469;20000.000000;90.895775;-28.650063
2020-07-22 19:36:50.090725503;5344;0.012800  ;-31647.056641;6000.000000;79.718040;-37.002754
2020-07-22 19:36:50.109925467;5520;0.028800  ;-49637.675781;20000.000000;93.084099;-28.650063
2020-07-22 19:36:50.141925531;5616;0.012800  ;-49687.492188;6000.000000;88.529366;-28.650063
2020-07-22 19:36:50.164325435;5744;0.019200  ;-46938.773438;13000.000000;95.376701;-28.650063
2020-07-22 19:36:50.199525443;5888;0.012800  ;-48796.292969;26000.000000;95.534790;-28.650063
2020-07-22 19:36:50.237925491;6160;0.028800  ;-49249.996094;20000.000000;94.796356;-28.650063
2020-07-22 19:36:50.273125491;6304;0.022400  ;-48884.050781;20000.000000;96.704887;-28.650063
2020-07-22 19:36:50.308325475;6432;0.012800  ;-48661.007812;20000.000000;96.338608;-28.650063
2020-07-22 19:36:50.308325475;6432;0.012800  ;-31692.304688;5000.000000;79.577736;-37.002754
2020-07-22 19:36:50.378725475;6784;0.012800  ;-31624.996094;4000.000244;77.305771;-37.002754
2020-07-22 19:36:50.378725475;6832;0.022400  ;-49199.992188;20000.000000;94.793343;-28.650063
2020-07-22 19:36:50.442725507;7136;0.019200  ;-50092.593750;18000.000000;95.704842;-28.650063
2020-07-22 19:36:50.468325443;7232;0.012800  ;-49384.613281;4000.000244;88.387222;-28.650063
2020-07-22 19:36:50.484325475;7312;0.012800  ;-31999.994141;5000.000000;79.187653;-37.002754
2020-07-22 19:36:50.484325475;7376;0.022400  ;-49238.804688;21000.000000;93.194023;-28.650063
2020-07-22 19:36:50.522725411;7504;0.012800  ;-46657.890625;14000.000000;93.123955;-28.650063
2020-07-22 19:36:50.519525475;7504;0.016000  ;-32052.625000;9000.000000;80.607536;-36.031136
2020-07-22 19:36:50.548325507;7664;0.019200  ;-48785.707031;20000.000000;92.547203;-28.650063
2020-07-22 19:36:50.557925411;7680;0.012800  ;-32124.996094;4000.000244;79.440186;-37.002754
2020-07-22 19:36:50.573925443;7760;0.012800  ;-49090.906250;3000.000000;87.868393;-28.650063
2020-07-22 19:36:50.589925507;7840;0.012800  ;-32071.421875;5000.000000;81.227982;-37.002754
2020-07-22 19:36:50.593125443;7904;0.022400  ;-49809.519531;19000.000000;92.992165;-28.650063
2020-07-22 19:36:50.628325443;8032;0.012800  ;-49039.210938;20000.000000;93.989944;-28.650063
2020-07-22 19:36:50.679525443;8288;0.012800  ;-48999.996094;3000.000000;87.845535;-28.650063
2020-07-22 19:36:50.695525507;8368;0.012800  ;-57352.937500;5000.000000;84.958755;-34.888474
2020-07-22 19:36:50.695525507;8368;0.012800  ;-31923.070312;6000.000000;79.231033;-37.002754
2020-07-22 19:36:50.695525507;8448;0.028800  ;-47147.531250;14000.000000;94.476303;-28.650063
2020-07-22 19:36:50.727525443;8528;0.012800  ;-11999.995117;7000.000000;102.214722;-34.920551
2020-07-22 19:36:50.737125507;8576;0.012800  ;-48705.878906;6000.000000;93.635277;-28.650063
2020-07-22 19:36:50.765925507;8720;0.012800  ;-31923.074219;5000.000000;79.826752;-37.002754
2020-07-22 19:36:50.785125443;8816;0.012800  ;-49384.613281;4000.000244;88.603386;-28.650063
2020-07-22 19:36:50.801125507;8960;0.025600  ;-47378.933594;37000.000000;93.218964;-28.650063
2020-07-22 19:36:50.836325507;9072;0.012800  ;-32124.996094;4000.000244;79.743088;-37.002754
2020-07-22 19:36:50.836325507;9104;0.019200  ;-49169.488281;20000.000000;96.094086;-28.650063
2020-07-22 19:36:50.868325443;9232;0.012800  ;-49407.402344;22000.000000;96.127563;-28.650063
2020-07-22 19:36:50.903525443;9408;0.012800  ;-31624.996094;4000.000244;77.158295;-37.002754
2020-07-22 19:36:50.919525443;9488;0.012800  ;-49090.906250;3000.000000;88.095123;-28.650063
2020-07-22 19:36:50.938725443;9616;0.019200  ;-49655.730469;19000.000000;93.797951;-28.650063
2020-07-22 19:36:50.970725507;9744;0.012800  ;-48657.140625;13000.000000;95.718445;-28.650063
2020-07-22 19:36:51.041125377;10128;0.019200  ;-32272.722656;3000.000000;78.268990;-37.002754
2020-07-22 19:36:51.041125377;10144;0.022400  ;-49462.679688;22000.000000;91.051636;-28.650063
2020-07-22 19:36:51.101925451;10432;0.019200  ;-48246.371094;24000.000000;91.628883;-28.650063
2020-07-22 19:36:51.108325563;10432;0.012800  ;-32066.662109;5000.000000;80.654678;-37.002754
2020-07-22 19:36:51.124325355;10512;0.012800  ;-49249.996094;4000.000244;88.763947;-28.650063
2020-07-22 19:36:51.143525443;10656;0.022400  ;-47406.773438;18000.000000;92.884430;-28.650063
2020-07-22 19:36:51.175525507;10768;0.012800  ;-31909.085938;5000.000000;80.548523;-37.002754
2020-07-22 19:36:51.201125459;10944;0.019200  ;-50211.531250;20000.000000;93.508324;-28.650063
2020-07-22 19:36:51.226725427;11040;0.016000  ;-49153.843750;3000.000000;88.216644;-28.650063
2020-07-22 19:36:51.245925507;11168;0.022400  ;-49196.964844;20000.000000;95.476959;-28.650063
2020-07-22 19:36:51.277925331;11296;0.016000  ;-49904.761719;21000.000000;95.319550;-28.650063
2020-07-22 19:36:51.277925331;11312;0.019200  ;-31999.994141;5000.000000;79.582916;-35.407112
2020-07-22 19:36:51.348325347;11664;0.019200  ;-49641.507812;19000.000000;94.206337;-28.650063
2020-07-22 19:36:51.380325411;11808;0.016000  ;-50377.355469;19000.000000;95.819199;-28.650063
2020-07-22 19:36:51.409125411;11952;0.012800  ;-49857.132812;20000.000000;95.604660;-28.650063
2020-07-22 19:36:51.412325475;11952;0.012800  ;-31999.994141;3000.000000;78.000618;-37.002754
2020-07-22 19:36:51.431525539;12112;0.025600  ;-49779.652344;20000.000000;95.833229;-28.650063
2020-07-22 19:36:51.460325571;12192;0.012800  ;-49249.996094;4000.000244;88.809982;-28.650063
2020-07-22 19:36:51.479525411;12320;0.019200  ;-49492.058594;19000.000000;93.422043;-28.650063
2020-07-22 19:36:51.511525475;12448;0.012800  ;-12249.994141;8000.000488;102.214638;-34.920551
2020-07-22 19:36:51.559525315;12704;0.016000  ;-47826.089844;11000.000000;89.143753;-28.650063
2020-07-22 19:36:51.581925443;12832;0.019200  ;-49490.898438;20000.000000;93.503319;-28.650063
2020-07-22 19:36:51.661925379;13200;0.012800  ;-49249.996094;4000.000244;88.292854;-28.650063
2020-07-22 19:36:51.677925443;13280;0.012800  ;-31923.074219;5000.000000;79.162155;-35.407112
2020-07-22 19:36:51.681125507;13344;0.022400  ;-49636.359375;19000.000000;93.872009;-28.650063
2020-07-22 19:36:51.713125571;13456;0.012800  ;-88800.000000;2000.000122;78.201538;-37.097416
2020-07-22 19:36:51.713125571;13456;0.012800  ;-48771.421875;26000.000000;92.659119;-28.650063
2020-07-22 19:36:51.713125571;13456;0.012800  ;-31666.662109;4000.000244;79.876572;-39.270340
2020-07-22 19:36:51.735525443;13616;0.022400  ;-50333.332031;19000.000000;91.896423;-28.650063
2020-07-22 19:36:51.761125379;13696;0.012800  ;-48333.332031;8000.000488;91.127274;-28.650063
2020-07-22 19:36:51.780325507;13792;0.012800  ;-32090.906250;5000.000000;78.834572;-35.407112
2020-07-22 19:36:51.777125443;13840;0.022400  ;-48721.304688;20000.000000;94.482567;-28.650063
2020-07-22 19:36:51.812325315;13952;0.012800  ;-49285.710938;18000.000000;96.286888;-28.650063
2020-07-22 19:36:51.812325315;13952;0.012800  ;-31999.998047;5000.000000;80.641548;-37.002754
2020-07-22 19:36:51.837925507;14096;0.016000  ;-49491.515625;20000.000000;94.667435;-28.650063
2020-07-22 19:36:51.844325379;14112;0.012800  ;-31636.361328;4000.000244;78.419861;-37.002754
2020-07-22 19:36:51.876325443;14288;0.016000  ;-32249.994141;4000.000244;80.014465;-37.002754
2020-07-22 19:36:51.911525315;14464;0.016000  ;-49636.359375;19000.000000;95.570137;-28.650063
2020-07-22 19:36:51.940325315;14592;0.012800  ;-48799.992188;20000.000000;96.561333;-28.650063
2020-07-22 19:36:51.940325315;14624;0.019200  ;-31571.425781;4000.000244;77.487343;-37.002754
2020-07-22 19:36:51.959525443;14736;0.022400  ;-49732.140625;19000.000000;93.956558;-28.650063
2020-07-22 19:36:51.972325379;14752;0.012800  ;-31999.994141;3000.000000;77.852531;-37.002754
2020-07-22 19:36:51.985125379;14816;0.012800  ;-49153.843750;4000.000244;88.638077;-28.650063
2020-07-22 19:36:52.004325443;14928;0.016000  ;-31833.332031;5000.000000;78.922325;-35.407112
2020-07-22 19:36:52.007525507;14944;0.016000  ;-50000.000000;20000.000000;94.756470;-28.650063
2020-07-22 19:36:52.036325534;15072;0.012800  ;-32499.994141;7000.000000;81.540474;-35.407112
2020-07-22 19:36:52.068325359;15264;0.019200  ;-32117.638672;6000.000000;80.211456;-35.407112
2020-07-22 19:36:52.100325427;15424;0.019200  ;-49786.878906;19000.000000;93.612350;-28.650063
2020-07-22 19:36:52.164325315;15712;0.012800  ;-49423.722656;20000.000000;90.617668;-28.650063
2020-07-22 19:36:52.196325379;15872;0.012800  ;-31749.998047;5000.000000;79.406326;-37.002754
2020-07-22 19:36:52.196325379;15904;0.019200  ;-49176.464844;20000.000000;94.652832;-28.650063
2020-07-22 19:36:52.225125395;16016;0.012800  ;-31363.632812;4000.000244;78.017059;-37.002754
2020-07-22 19:36:52.225125395;16032;0.012800  ;-48819.996094;20000.000000;93.583603;-28.650063
2020-07-22 19:36:52.250725347;16176;0.019200  ;-48775.507812;21000.000000;93.588684;-28.650063
2020-07-22 19:36:52.273125491;16256;0.012800  ;-49153.843750;4000.000244;88.737198;-28.650063
2020-07-22 19:36:52.298725443;16384;0.012800  ;-12111.105469;7000.000000;102.267563;-34.920551
2020-07-22 19:36:52.298725443;16384;0.012800  ;36636.371094;4000.000244;83.668030;-34.739975
2020-07-22 19:36:52.317925539;16480;0.012800  ;-31999.998047;5000.000000;80.214417;-37.002754
2020-07-22 19:36:52.321125347;16496;0.012800  ;-47720.921875;15000.000000;95.293350;-28.650063
2020-07-22 19:36:52.349925347;16640;0.012800  ;-32416.660156;5000.000000;81.968689;-35.407112
2020-07-22 19:36:52.381925411;16800;0.012800  ;-32153.841797;5000.000000;80.165260;-37.002754
2020-07-22 19:36:52.394725411;16864;0.012800  ;-49249.996094;4000.000244;88.612755;-28.650063
2020-07-22 19:36:52.413925475;16960;0.012800  ;-31999.994141;5000.000000;81.713562;-37.002754
2020-07-22 19:36:52.413925475;16992;0.019200  ;-50333.324219;21000.000000;96.052444;-28.650063
2020-07-22 19:36:52.442725507;17104;0.012800  ;-50301.878906;19000.000000;95.835808;-28.650063
2020-07-22 19:36:52.477925379;17280;0.012800  ;-32571.423828;7000.000000;81.184517;-35.407112
2020-07-22 19:36:52.490725347;17344;0.012800  ;-49249.996094;4000.000244;88.620201;-28.650063
2020-07-22 19:36:52.509925443;17472;0.019200  ;-49250.003906;22000.000000;94.575806;-28.650063
2020-07-22 19:36:52.538725443;17584;0.012800  ;-49228.066406;20000.000000;95.327072;-28.650063
2020-07-22 19:36:52.538725443;17600;0.016000  ;-31833.332031;4000.000244;78.290909;-37.002754
2020-07-22 19:36:52.586725315;17824;0.012800  ;-49090.906250;3000.000000;88.140923;-28.650063
2020-07-22 19:36:52.602725315;17952;0.022400  ;-48874.996094;23000.000000;93.088829;-28.650063
2020-07-22 19:36:52.657125315;18208;0.019200  ;-49999.992188;20000.000000;93.027618;-28.650063
2020-07-22 19:36:52.679525443;18288;0.012800  ;-49249.996094;4000.000244;88.323738;-28.650063
2020-07-22 19:36:52.695525507;18368;0.012800  ;-32222.218750;4000.000244;80.057457;-37.002754
2020-07-22 19:36:52.727525315;18528;0.012800  ;-49960.000000;21000.000000;91.821999;-28.650063
2020-07-22 19:36:52.749925443;18672;0.019200  ;-48777.773438;24000.000000;92.891014;-28.650063
2020-07-22 19:36:52.759525379;18688;0.012800  ;-32299.996094;5000.000000;79.846329;-37.002754
2020-07-22 19:36:52.788325379;18880;0.022400  ;-32166.660156;4000.000244;80.369286;-37.002754
2020-07-22 19:36:52.820325443;19008;0.016000  ;-49425.917969;19000.000000;95.597519;-28.650063
2020-07-22 19:36:52.884325315;19360;0.022400  ;-49821.425781;20000.000000;94.492477;-28.650063
2020-07-22 19:36:52.913125379;19472;0.016000  ;-49230.761719;20000.000000;95.484436;-28.650063
2020-07-22 19:36:52.909925315;19472;0.016000  ;-32214.279297;4000.000244;79.221077;-35.407112
2020-07-22 19:36:52.957925379;19744;0.025600  ;-49228.070312;19000.000000;94.658127;-28.650063
2020-07-22 19:36:53.002725443;19920;0.016000  ;-32416.660156;4000.000244;80.002388;-37.002754
2020-07-22 19:36:53.002725443;19936;0.019200  ;-49551.019531;18000.000000;95.545197;-28.650063
2020-07-22 19:36:53.053925355;20176;0.016000  ;-48962.261719;20000.000000;93.755386;-28.650063
2020-07-22 19:36:53.085925419;20320;0.012800  ;-11888.882812;7000.000000;102.264099;-34.920551
2020-07-22 19:36:53.095525583;20384;0.016000  ;-47781.246094;14000.000000;90.700745;-28.650063
2020-07-22 19:36:53.121125539;20496;0.012800  ;-50211.535156;19000.000000;92.225174;-28.650063
2020-07-22 19:36:53.149925547;20640;0.012800  ;-49166.664062;20000.000000;92.961708;-28.650063
2020-07-22 19:36:53.149925547;20640;0.012800  ;-31818.177734;4000.000244;78.030441;-38.034466
2020-07-22 19:36:53.165925347;20720;0.012800  ;-49299.992188;4000.000244;88.629608;-28.650063
2020-07-22 19:36:53.181925619;20848;0.019200  ;-50396.226562;19000.000000;91.568687;-28.650063
2020-07-22 19:36:53.210725619;20960;0.016000  ;-49473.683594;20000.000000;92.272766;-28.650063
2020-07-22 19:36:53.236325587;21072;0.012800  ;-48354.160156;20000.000000;90.839447;-28.650063
2020-07-22 19:36:53.239525635;21088;0.012800  ;-32461.531250;4000.000244;80.098488;-37.002754
2020-07-22 19:36:53.271525219;21248;0.012800  ;-32454.539062;4000.000244;80.804153;-37.002754
2020-07-22 19:36:53.271525219;21296;0.022400  ;-48980.390625;21000.000000;93.057915;-28.650063
2020-07-22 19:36:53.300325235;21392;0.012800  ;-32199.998047;5000.000000;79.581635;-37.002754
2020-07-22 19:36:53.300325235;21408;0.016000  ;-50619.996094;22000.000000;93.561241;-28.650063
2020-07-22 19:36:53.348325571;21664;0.019200  ;-48965.507812;20000.000000;94.556000;-28.650063
2020-07-22 19:36:53.373925539;21760;0.012800  ;-49399.996094;4000.000244;88.183647;-28.650063
2020-07-22 19:36:53.389925315;21872;0.019200  ;-49015.613281;20000.000000;94.514793;-28.650063
2020-07-22 19:36:53.441125219;22128;0.019200  ;-50020.824219;19000.000000;95.817642;-28.650063
2020-07-22 19:36:53.463525603;22208;0.012800  ;-49384.613281;4000.000244;88.608231;-28.650063
2020-07-22 19:36:53.479525411;22320;0.019200  ;-49280.699219;20000.000000;96.058334;-28.650063
2020-07-22 19:36:53.508325411;22432;0.012800  ;-48979.167969;20000.000000;95.978104;-28.650063
2020-07-22 19:36:53.533925379;22560;0.012800  ;-48818.175781;18000.000000;95.892670;-28.650063
2020-07-22 19:36:53.565925443;22784;0.025600  ;-48918.023438;20000.000000;95.795021;-28.650063
2020-07-22 19:36:53.597925507;22896;0.012800  ;-48814.808594;20000.000000;94.417931;-28.650063
2020-07-22 19:36:53.594725443;22896;0.019200  ;-31799.994141;3000.000000;78.216583;-37.002754
2020-07-22 19:36:53.655525507;23216;0.022400  ;-49249.992188;19000.000000;94.755096;-28.650063
2020-07-22 19:36:53.684325507;23344;0.019200  ;-49568.621094;20000.000000;92.751404;-28.650063
2020-07-22 19:36:53.713125571;23456;0.012800  ;-31923.074219;5000.000000;80.350502;-37.002754
2020-07-22 19:36:53.732325379;23584;0.019200  ;-49442.304688;20000.000000;92.123566;-28.650063
2020-07-22 19:36:53.741925571;23616;0.016000  ;-31882.349609;5000.000000;80.016678;-37.002754
2020-07-22 19:36:53.770725571;23776;0.019200  ;-48392.152344;20000.000000;94.071136;-28.650063
2020-07-22 19:36:53.821925507;24016;0.012800  ;-49268.289062;20000.000000;93.359886;-28.650063
2020-07-22 19:36:53.841125315;24096;0.012800  ;-49363.636719;4000.000244;88.233505;-28.650063
2020-07-22 19:36:53.857125571;24192;0.016000  ;-49125.003906;25000.000000;94.566589;-28.650063
2020-07-22 19:36:53.869925315;24240;0.012800  ;-12249.994141;8000.000488;102.335854;-34.920551
2020-07-22 19:36:53.885925635;24320;0.012800  ;-49999.996094;20000.000000;94.676643;-28.650063
2020-07-22 19:36:53.911525571;24448;0.012800  ;-48981.128906;21000.000000;96.240143;-28.650063
2020-07-22 19:36:53.930725443;24576;0.019200  ;-48962.957031;20000.000000;95.370140;-28.650063
2020-07-22 19:36:53.940325571;24592;0.012800  ;-31714.283203;4000.000244;78.750671;-37.002754
2020-07-22 19:36:53.953125315;24656;0.012800  ;-49285.710938;4000.000244;89.834290;-28.650063
2020-07-22 19:36:53.972325187;24784;0.016000  ;-48592.589844;22000.000000;96.574562;-28.650063
2020-07-22 19:36:54.055525143;25168;0.012800  ;-31714.283203;4000.000244;78.647232;-37.002754
2020-07-22 19:36:54.055525143;25200;0.019200  ;-49210.519531;19000.000000;94.533424;-28.650063
2020-07-22 19:36:54.125925379;25520;0.012800  ;-49363.636719;4000.000244;88.138107;-28.650063
2020-07-22 19:36:54.141925179;25632;0.019200  ;-48739.125000;19000.000000;93.807320;-28.650063
2020-07-22 19:36:54.193125571;25856;0.012800  ;-49195.648438;21000.000000;92.791893;-28.650063
2020-07-22 19:36:54.196325139;25872;0.012800  ;-31799.994141;2000.000122;75.863770;-39.698757
2020-07-22 19:36:54.212325411;25952;0.012800  ;-49249.996094;4000.000244;88.463013;-28.650063
2020-07-22 19:36:54.228325203;26064;0.019200  ;-49333.332031;19000.000000;92.626709;-28.650063
2020-07-22 19:36:54.253925171;26176;0.016000  ;-48954.535156;20000.000000;91.950867;-28.650063
2020-07-22 19:36:54.301925507;26432;0.019200  ;-47540.535156;12000.000000;91.668930;-28.650063
2020-07-22 19:36:54.311525187;26448;0.012800  ;-32285.708984;4000.000244;80.440369;-37.002754
2020-07-22 19:36:54.340325187;26608;0.016000  ;-49346.937500;20000.000000;93.625511;-28.650063
2020-07-22 19:36:54.369125219;26752;0.016000  ;-31937.494141;5000.000000;80.509758;-37.002754
2020-07-22 19:36:54.388325539;26848;0.016000  ;-48872.332031;21000.000000;94.602867;-28.650063
2020-07-22 19:36:54.394725155;26864;0.012800  ;-31749.998047;5000.000000;81.933304;-37.002754
2020-07-22 19:36:54.423525187;27040;0.019200  ;-49035.718750;20000.000000;95.423653;-28.650063
2020-07-22 19:36:54.452325187;27152;0.012800  ;-49666.656250;19000.000000;94.590843;-28.650063
2020-07-22 19:36:54.452325187;27152;0.012800  ;-31499.996094;5000.000000;80.785522;-39.270340
2020-07-22 19:36:54.474725571;27280;0.016000  ;-49770.832031;25000.000000;95.581085;-28.650063
2020-07-22 19:36:54.509925219;27472;0.019200  ;-48874.996094;20000.000000;95.199043;-28.650063
2020-07-22 19:36:54.538725219;27584;0.012800  ;-49631.574219;20000.000000;96.176155;-28.650063
2020-07-22 19:36:54.599525315;27904;0.016000  ;-31777.773438;3000.000000;77.170807;-37.002754
2020-07-22 19:36:54.621925187;28032;0.019200  ;-49946.421875;20000.000000;94.030663;-28.650063
2020-07-22 19:36:54.657125315;28176;0.012800  ;-12148.142578;8000.000488;102.099289;-34.920551
2020-07-22 19:36:54.679525187;28336;0.022400  ;-50175.433594;19000.000000;94.441643;-28.650063
2020-07-22 19:36:54.705125187;28416;0.012800  ;-31636.361328;5000.000000;79.647278;-39.698757
2020-07-22 19:36:54.705125187;28448;0.019200  ;-47404.253906;15000.000000;91.983398;-28.650063
2020-07-22 19:36:54.775525379;28768;0.012800  ;-49199.996094;3000.000000;87.977722;-28.650063
2020-07-22 19:36:54.791525187;28880;0.016000  ;-49037.027344;20000.000000;92.748344;-28.650063
2020-07-22 19:36:54.817125187;28976;0.012800  ;-48222.218750;15000.000000;91.545570;-28.650063
2020-07-22 19:36:54.817125187;28992;0.016000  ;-32928.566406;7000.000000;80.781235;-35.407112
2020-07-22 19:36:54.842725571;29104;0.012800  ;-49844.820312;20000.000000;90.938858;-28.650063
2020-07-22 19:36:54.903525187;29408;0.012800  ;-49320.757812;20000.000000;95.324173;-28.650063
2020-07-22 19:36:54.986725187;29840;0.016000  ;-49292.304688;19000.000000;95.184547;-28.650063
2020-07-22 19:36:55.034725507;30080;0.016000  ;-49722.218750;20000.000000;95.305344;-28.650063
2020-07-22 19:36:55.053925355;30160;0.012800  ;-49285.710938;4000.000244;89.595490;-28.650063
2020-07-22 19:36:55.069925151;30240;0.012800  ;-32142.851562;6000.000000;80.085594;-35.407112
2020-07-22 19:36:55.069925151;30288;0.022400  ;-49553.566406;19000.000000;95.069801;-28.650063
2020-07-22 19:36:55.095525583;30384;0.016000  ;-50122.449219;19000.000000;95.828506;-28.650063
2020-07-22 19:36:55.121125539;30512;0.016000  ;-49488.886719;20000.000000;96.862915;-28.650063
2020-07-22 19:36:55.124325115;30512;0.012800  ;-31545.453125;4000.000244;80.095955;-39.698757
2020-07-22 19:36:55.153125131;30688;0.019200  ;-49538.457031;21000.000000;93.797791;-28.650063
2020-07-22 19:36:55.181925139;30800;0.012800  ;-49844.437500;20000.000000;93.728485;-28.650063
2020-07-22 19:36:55.236325587;31120;0.022400  ;-49339.621094;20000.000000;93.508148;-28.650063
2020-07-22 19:36:55.265125123;31232;0.016000  ;-48657.890625;19000.000000;92.209488;-28.650063
2020-07-22 19:36:55.309925411;31456;0.016000  ;-49017.539062;21000.000000;90.309631;-28.650063
2020-07-22 19:36:55.345125507;31616;0.012800  ;-31999.998047;5000.000000;81.764595;-37.002754
2020-07-22 19:36:55.345125507;31632;0.016000  ;-48744.179688;20000.000000;92.838310;-28.650063
2020-07-22 19:36:55.370725475;31744;0.012800  ;-32272.722656;4000.000244;80.721191;-37.002754
2020-07-22 19:36:55.393125379;31872;0.016000  ;-49088.886719;19000.000000;94.207153;-28.650063
2020-07-22 19:36:55.425125443;32032;0.016000  ;-31749.994141;5000.000000;80.145615;-37.002754
2020-07-22 19:36:55.425125443;32048;0.019200  ;-47560.000000;16000.000977;92.874924;-28.650063
2020-07-22 19:36:55.441125219;32096;0.012800  ;-12111.105469;7000.000000;102.416382;-34.920551
2020-07-22 19:36:55.450725411;32144;0.012800  ;-47655.160156;11000.000000;95.590698;-28.650063
2020-07-22 19:36:55.476325347;32272;0.012800  ;-49975.000000;19000.000000;95.853455;-28.650063
2020-07-22 19:36:55.495525187;32400;0.019200  ;-49385.960938;20000.000000;93.618088;-28.650063
2020-07-22 19:36:55.533925379;32576;0.016000  ;-47684.207031;14000.000000;96.467705;-28.650063
2020-07-22 19:36:55.578725187;32800;0.016000  ;-47097.558594;15000.000000;96.002327;-28.650063
2020-07-22 19:36:55.597925507;32880;0.012800  ;-49071.425781;6000.000000;90.303810;-28.650063
2020-07-22 19:36:55.613925315;32992;0.019200  ;-48943.390625;19000.000000;94.932632;-28.650063
2020-07-22 19:36:55.661925187;33200;0.012800  ;-49536.582031;20000.000000;96.327385;-28.650063
2020-07-22 19:36:55.693925251;33360;0.012800  ;-33117.640625;8000.000488;80.991165;-34.240971
2020-07-22 19:36:55.693925251;33392;0.019200  ;-49653.843750;19000.000000;94.271011;-28.650063
2020-07-22 19:36:55.719525187;33504;0.012800  ;-48390.234375;16000.000977;92.916443;-28.650063
2020-07-22 19:36:55.745125123;33616;0.012800  ;-49565.218750;20000.000000;94.320900;-28.650063
2020-07-22 19:36:55.802725187;33920;0.012800  ;-49638.882812;19000.000000;91.900604;-28.650063
2020-07-22 19:36:55.847525443;34144;0.016000  ;-48652.171875;20000.000000;91.816101;-28.650063
2020-07-22 19:36:55.882725571;34320;0.016000  ;-49111.105469;20000.000000;93.118866;-28.650063
2020-07-22 19:36:55.908325507;34448;0.016000  ;-31909.089844;4000.000244;78.978539;-37.002754
2020-07-22 19:36:55.930725443;34544;0.012800  ;-49629.621094;20000.000000;93.456154;-28.650063
2020-07-22 19:36:55.988325443;34832;0.012800  ;-48999.996094;20000.000000;94.790070;-28.650063
2020-07-22 19:36:56.007525315;34944;0.016000  ;-48147.054688;14000.000000;93.351151;-28.650063
2020-07-22 19:36:56.068325359;35248;0.016000  ;-48545.453125;20000.000000;95.904198;-28.650063
2020-07-22 19:36:56.068325359;35248;0.016000  ;-31799.994141;4000.000244;77.304253;-37.002754
2020-07-22 19:36:56.113125163;35472;0.016000  ;-47771.429688;12000.000000;96.094223;-28.650063
2020-07-22 19:36:56.148325283;35648;0.016000  ;-49478.253906;20000.000000;95.029320;-28.650063
2020-07-22 19:36:56.170725187;35744;0.012800  ;-50083.328125;19000.000000;95.017265;-28.650063
2020-07-22 19:36:56.193125091;35872;0.016000  ;-48770.828125;21000.000000;95.930672;-28.650063
2020-07-22 19:36:56.228325203;36032;0.012800  ;-12103.442383;9000.000000;102.212906;-34.920551
2020-07-22 19:36:56.250725107;36144;0.012800  ;-50037.730469;19000.000000;93.232346;-28.650063
2020-07-22 19:36:56.250725107;36144;0.012800  ;-30615.380859;7000.000000;79.527145;-35.186951
2020-07-22 19:36:56.305125539;36464;0.022400  ;-49370.363281;20000.000000;94.091919;-28.650063
2020-07-22 19:36:56.330725507;36544;0.012800  ;-32181.814453;4000.000244;79.557648;-37.002754
2020-07-22 19:36:56.330725507;36560;0.016000  ;-47794.871094;15000.000000;92.033882;-28.650063
2020-07-22 19:36:56.356325475;36672;0.012800  ;-31583.328125;6000.000000;79.836182;-37.002754
2020-07-22 19:36:56.410725443;36960;0.016000  ;-48770.828125;20000.000000;92.950394;-28.650063
2020-07-22 19:36:56.458725283;37184;0.012800  ;-49863.632812;20000.000000;92.557053;-28.650063
2020-07-22 19:36:56.477925155;37360;0.028800  ;-48984.121094;19000.000000;93.339294;-28.650063
2020-07-22 19:36:56.513125251;37456;0.012800  ;-31454.541016;5000.000000;78.616653;-36.031136
2020-07-22 19:36:56.513125251;37472;0.016000  ;-49545.453125;20000.000000;94.920082;-28.650063
2020-07-22 19:36:56.535525155;37568;0.012800  ;-47107.132812;14000.000000;96.369629;-28.650063
2020-07-22 19:36:56.564325187;37712;0.012800  ;-31888.886719;5000.000000;78.789619;-35.407112
2020-07-22 19:36:56.593125187;37872;0.016000  ;-49217.394531;20000.000000;95.372269;-28.650063
2020-07-22 19:36:56.634725443;38096;0.016000  ;-49059.992188;24000.000000;94.051888;-28.650063
2020-07-22 19:36:56.669925507;38256;0.016000  ;-50140.347656;19000.000000;95.188164;-28.650063
2020-07-22 19:36:56.695525507;38368;0.012800  ;-31624.996094;4000.000244;78.697800;-38.034466
2020-07-22 19:36:56.717925379;38480;0.012800  ;-49942.300781;20000.000000;94.732399;-28.650063
2020-07-22 19:36:56.746725379;38624;0.012800  ;-31899.996094;4000.000244;80.274826;-37.002754
2020-07-22 19:36:56.737125251;38656;0.028800  ;-48125.000000;14000.000000;93.392174;-28.650063
2020-07-22 19:36:56.772325379;38768;0.012800  ;-49581.390625;21000.000000;93.863594;-28.650063
2020-07-22 19:36:56.772325379;38768;0.016000  ;-31666.662109;4000.000244;78.542152;-37.002754
2020-07-22 19:36:56.794725251;38864;0.012800  ;-49541.664062;20000.000000;93.370712;-28.650063
2020-07-22 19:36:56.813925123;38992;0.019200  ;-49812.496094;22000.000000;90.107292;-28.650063
2020-07-22 19:36:56.852325251;39152;0.012800  ;-49849.996094;19000.000000;90.162590;-28.650063
2020-07-22 19:36:56.893925507;39376;0.016000  ;-48096.777344;14000.000000;91.920296;-28.650063
2020-07-22 19:36:56.929125123;39552;0.016000  ;-48619.042969;20000.000000;94.339226;-28.650063
2020-07-22 19:36:56.970725379;39760;0.016000  ;-49559.996094;19000.000000;91.275665;-28.650063
2020-07-22 19:36:56.989925251;39904;0.025600  ;-47659.996094;14000.000000;93.555977;-28.650063
2020-07-22 19:36:57.015525187;39968;0.012800  ;-11749.993164;8000.000488;102.391029;-34.920551
2020-07-22 19:36:57.069925627;40320;0.028800  ;-49160.710938;20000.000000;95.980492;-28.650063
2020-07-22 19:36:57.105125747;40432;0.016000  ;-47358.972656;14000.000000;95.208374;-28.650063
2020-07-22 19:36:57.181925139;40816;0.016000  ;-48959.179688;20000.000000;95.464905;-28.650063
2020-07-22 19:36:57.226724947;41024;0.012800  ;-45245.277344;30000.000000;95.740555;-28.650063
2020-07-22 19:36:57.255524947;41200;0.016000  ;-48888.882812;18000.000000;93.481644;-28.650063
2020-07-22 19:36:57.284324963;41312;0.012800  ;-49681.808594;20000.000000;93.713295;-28.650063
2020-07-22 19:36:57.284324963;41312;0.012800  ;-31624.996094;4000.000244;78.483521;-37.002754
2020-07-22 19:36:57.322725603;41536;0.019200  ;-49836.359375;19000.000000;92.409813;-28.650063
2020-07-22 19:36:57.357925731;41712;0.016000  ;-49857.144531;20000.000000;90.468750;-28.650063
2020-07-22 19:36:57.399524995;41920;0.019200  ;-47317.070312;15000.000000;91.080887;-28.650063
2020-07-22 19:36:57.434725123;42096;0.019200  ;-48134.609375;25000.000000;92.567352;-28.650063
2020-07-22 19:36:57.479524931;42304;0.016000  ;-49370.363281;20000.000000;92.559029;-28.650063
2020-07-22 19:36:57.501924835;42432;0.019200  ;-49196.425781;20000.000000;93.481766;-28.650063
2020-07-22 19:36:57.511525475;42448;0.012800  ;-31749.994141;3000.000000;78.223938;-37.002754
2020-07-22 19:36:57.540325475;42592;0.012800  ;-49909.082031;20000.000000;95.936516;-28.650063
2020-07-22 19:36:57.540325475;42592;0.012800  ;-31833.328125;5000.000000;79.120804;-35.407112
2020-07-22 19:36:57.578725187;42816;0.019200  ;-50340.000000;18000.000000;93.744484;-28.650063
2020-07-22 19:36:57.613925315;42976;0.016000  ;-49446.421875;20000.000000;96.341141;-28.650063
2020-07-22 19:36:57.642725315;43104;0.012800  ;-31999.994141;3000.000000;77.344437;-37.002754
2020-07-22 19:36:57.658725123;43200;0.016000  ;-49617.023438;20000.000000;94.105072;-28.650063
2020-07-22 19:36:57.690725635;43360;0.016000  ;-49680.839844;20000.000000;94.968536;-28.650063
2020-07-22 19:36:57.735525443;43584;0.016000  ;-49714.273438;20000.000000;96.142570;-28.650063
2020-07-22 19:36:57.754724803;43744;0.028800  ;-49666.660156;19000.000000;93.598846;-28.650063
2020-07-22 19:36:57.799525571;43888;0.012800  ;-12249.994141;8000.000488;102.348663;-34.920551
2020-07-22 19:36:57.815525379;43968;0.012800  ;-50117.636719;21000.000000;94.318283;-28.650063
2020-07-22 19:36:57.841124867;44128;0.019200  ;-49745.085938;19000.000000;93.448708;-28.650063
2020-07-22 19:36:57.866725315;44240;0.016000  ;-49999.992188;20000.000000;92.624878;-28.650063
2020-07-22 19:36:57.908325507;44448;0.016000  ;-47428.570312;13000.000000;93.262306;-28.650063
2020-07-22 19:36:57.940325123;44624;0.019200  ;-49777.773438;19000.000000;90.821487;-28.650063
2020-07-22 19:36:57.965925507;44720;0.012800  ;-49952.375000;19000.000000;91.196098;-28.650063
2020-07-22 19:36:57.985124931;44816;0.012800  ;-48181.820312;24000.000000;92.139091;-28.650063
2020-07-22 19:36:58.039525350;45088;0.012800  ;-47205.128906;16000.000977;93.898834;-28.650063
2020-07-22 19:36:58.039525350;45104;0.016000  ;-32083.328125;5000.000000;79.854256;-35.407112
2020-07-22 19:36:58.084325155;45328;0.016000  ;-48708.335938;21000.000000;94.929726;-28.650063
2020-07-22 19:36:58.090725263;45344;0.012800  ;-31846.150391;5000.000000;80.150589;-39.698757
2020-07-22 19:36:58.116325699;45504;0.019200  ;-49903.843750;19000.000000;94.076202;-28.650063
2020-07-22 19:36:58.161125499;45696;0.012800  ;-48515.144531;17000.000000;95.739632;-28.650063
2020-07-22 19:36:58.193125091;45872;0.016000  ;-49999.992188;20000.000000;94.632446;-28.650063
2020-07-22 19:36:58.215524995;46000;0.016000  ;-50245.281250;17000.000000;95.869225;-28.650063
2020-07-22 19:36:58.237924899;46080;0.012800  ;-49760.867188;19000.000000;94.892029;-28.650063
2020-07-22 19:36:58.266724899;46224;0.012800  ;-31923.074219;5000.000000;79.492226;-35.407112
2020-07-22 19:36:58.257125219;46256;0.028800  ;-47568.625000;13000.000000;96.276527;-28.650063
2020-07-22 19:36:58.292325331;46368;0.016000  ;-49770.835938;19000.000000;93.021347;-28.650063
2020-07-22 19:36:58.333925571;46576;0.016000  ;-50679.996094;19000.000000;93.543381;-28.650063
2020-07-22 19:36:58.365925155;46736;0.016000  ;-48749.992188;21000.000000;92.179001;-28.650063
2020-07-22 19:36:58.410724963;46944;0.012800  ;-50419.347656;19000.000000;92.702866;-28.650063
2020-07-22 19:36:58.439524963;47088;0.012800  ;-31799.994141;3000.000000;78.183052;-37.002754
2020-07-22 19:36:58.429925283;47120;0.028800  ;-49532.257812;20000.000000;90.258926;-28.650063
2020-07-22 19:36:58.465125411;47216;0.012800  ;-48745.089844;20000.000000;90.729599;-28.650063
2020-07-22 19:36:58.487525315;47328;0.012800  ;-45983.328125;32000.001953;89.960205;-28.650063
2020-07-22 19:36:58.516325315;47504;0.019200  ;-49826.082031;20000.000000;89.733154;-28.650063
2020-07-22 19:36:58.538725219;47616;0.019200  ;-49156.867188;21000.000000;92.652054;-28.650063
2020-07-22 19:36:58.564325635;47712;0.012800  ;-31777.777344;4000.000244;78.959534;-37.002754
2020-07-22 19:36:58.586725571;47824;0.012800  ;-12111.105469;7000.000000;102.212654;-34.920551
2020-07-22 19:36:58.689125379;48352;0.016000  ;-49772.722656;20000.000000;96.485756;-28.650063
2020-07-22 19:36:58.711525251;48464;0.016000  ;-48952.375000;20000.000000;95.275146;-28.650063
2020-07-22 19:36:58.714724867;48464;0.012800  ;-31999.994141;5000.000000;79.494301;-37.002754
2020-07-22 19:36:58.737125699;48576;0.012800  ;-32199.994141;2000.000122;77.010010;-37.002754
2020-07-22 19:36:58.753125507;48672;0.016000  ;-48377.773438;21000.000000;95.138268;-28.650063
2020-07-22 19:36:58.785125123;48832;0.016000  ;-49471.695312;19000.000000;93.131416;-28.650063
2020-07-22 19:36:58.810725507;48944;0.012800  ;-30846.150391;7000.000000;80.066994;-35.081272
2020-07-22 19:36:58.826725315;49040;0.016000  ;-46911.757812;11000.000000;94.796577;-28.650063
2020-07-22 19:36:58.858724931;49216;0.019200  ;-49479.160156;20000.000000;94.355667;-28.650063
2020-07-22 19:36:58.922725059;49584;0.025600  ;-49272.722656;20000.000000;91.676956;-28.650063
2020-07-22 19:36:58.957925187;49680;0.012800  ;-49410.253906;19000.000000;90.307327;-28.650063
2020-07-22 19:36:59.005925507;49952;0.019200  ;-48818.175781;20000.000000;90.479500;-28.650063
2020-07-22 19:36:59.028325379;50032;0.012800  ;-31999.998047;3000.000000;77.437691;-37.002754
2020-07-22 19:36:59.031524995;50064;0.016000  ;-48425.527344;21000.000000;92.475739;-28.650063
2020-07-22 19:36:59.073125203;50256;0.012800  ;-49085.710938;19000.000000;93.419579;-28.650063
2020-07-22 19:36:59.079525311;50304;0.016000  ;-32111.105469;4000.000244;81.076797;-37.002754
2020-07-22 19:36:59.105124795;50432;0.016000  ;-50078.945312;19000.000000;92.838028;-28.650063
2020-07-22 19:36:59.127525651;50528;0.012800  ;-49195.113281;20000.000000;94.115227;-28.650063
2020-07-22 19:36:59.153125131;50656;0.012800  ;-31888.886719;3000.000000;77.500603;-37.002754
2020-07-22 19:36:59.201125459;50896;0.012800  ;-31999.998047;3000.000000;79.266342;-37.002754
2020-07-22 19:36:59.201125459;50912;0.016000  ;-48899.996094;20000.000000;96.245499;-28.650063
2020-07-22 19:36:59.239525155;51120;0.016000  ;-49340.906250;18000.000000;92.729370;-28.650063
2020-07-22 19:36:59.274725283;51280;0.016000  ;-49219.507812;19000.000000;95.097603;-28.650063
2020-07-22 19:36:59.322725603;51504;0.012800  ;-32272.722656;4000.000244;80.416168;-35.407112
2020-07-22 19:36:59.335524867;51600;0.019200  ;-49775.503906;20000.000000;94.884636;-28.650063
2020-07-22 19:36:59.409125635;52016;0.028800  ;-49065.566406;20000.000000;92.871925;-28.650063
2020-07-22 19:36:59.444324803;52128;0.016000  ;-49714.281250;20000.000000;93.768707;-28.650063
2020-07-22 19:36:59.485925027;52320;0.012800  ;-50121.941406;20000.000000;92.480820;-28.650063
2020-07-22 19:36:59.489125571;52336;0.012800  ;-31799.994141;3000.000000;78.495552;-37.002754
2020-07-22 19:36:59.514725059;52496;0.019200  ;-48818.175781;20000.000000;91.874725;-28.650063
2020-07-22 19:36:59.610724739;52944;0.012800  ;-49217.390625;20000.000000;94.577240;-28.650063
2020-07-22 19:36:59.649125443;53216;0.028800  ;-49733.320312;20000.000000;92.894508;-28.650063
2020-07-22 19:36:59.681124995;53296;0.012800  ;-31444.441406;4000.000244;77.749084;-39.698757
2020-07-22 19:36:59.681124995;53328;0.019200  ;-49741.375000;19000.000000;93.185547;-28.650063
2020-07-22 19:36:59.722725251;53520;0.016000  ;-49603.769531;22000.000000;96.381973;-28.650063
2020-07-22 19:36:59.729125315;53536;0.012800  ;-32142.851562;3000.000000;78.169205;-37.002754
2020-07-22 19:36:59.741925571;53680;0.028800  ;-46633.800781;32000.001953;94.063019;-28.650063
2020-07-22 19:36:59.777125699;53776;0.012800  ;-49355.554688;19000.000000;96.109680;-28.650063
2020-07-22 19:36:59.796325059;53872;0.012800  ;-49904.761719;19000.000000;95.377693;-28.650063
2020-07-22 19:36:59.815525379;53984;0.016000  ;-48839.996094;21000.000000;93.220451;-28.650063
2020-07-22 19:36:59.847524931;54144;0.016000  ;-49930.230469;20000.000000;95.198715;-28.650063
2020-07-22 19:36:59.869924867;54240;0.012800  ;-31999.994141;5000.000000;79.330750;-35.407112
2020-07-22 19:36:59.889125187;54336;0.012800  ;-48818.171875;20000.000000;95.510056;-28.650063
2020-07-22 19:36:59.917925187;54480;0.012800  ;-31307.689453;5000.000000;78.161087;-37.002754
2020-07-22 19:36:59.917925187;54496;0.016000  ;-49130.429688;19000.000000;91.250191;-28.650063
2020-07-22 19:36:59.940325123;54592;0.012800  ;-49499.992188;20000.000000;92.169861;-28.650063
2020-07-22 19:36:59.940325123;54592;0.012800  ;-31166.664062;6000.000000;79.509163;-36.031136
2020-07-22 19:36:59.988325443;54832;0.012800  ;-32444.439453;4000.000244;79.406540;-37.002754
2020-07-22 19:36:59.978724803;54864;0.028800  ;-50098.351562;20000.000000;92.100769;-28.650063
2020-07-22 19:37:00.013924931;54960;0.012800  ;-48891.890625;19000.000000;93.112381;-28.650063
2020-07-22 19:37:00.052325567;55168;0.016000  ;-49729.722656;20000.000000;91.768166;-28.650063
2020-07-22 19:37:00.084325155;55328;0.016000  ;-49866.664062;20000.000000;94.103485;-28.650063
2020-07-22 19:37:00.125925379;55536;0.016000  ;-49000.000000;20000.000000;93.334541;-28.650063
2020-07-22 19:37:00.145124755;55632;0.016000  ;-47807.691406;13000.000000;93.042961;-28.650063
2020-07-22 19:37:00.157924971;55680;0.012800  ;-11964.281250;8000.000488;102.078568;-34.920551
2020-07-22 19:37:00.157924971;55680;0.012800  ;36583.339844;4000.000244;82.427170;-34.739975
2020-07-22 19:37:00.180324867;55792;0.012800  ;-47088.230469;16000.000977;94.026619;-28.650063
2020-07-22 19:37:00.199525203;55888;0.012800  ;-48531.914062;22000.000000;95.514832;-28.650063
2020-07-22 19:37:00.250725107;56160;0.016000  ;-47266.664062;13000.000000;96.641342;-28.650063
2020-07-22 19:37:00.292325331;56352;0.012800  ;-47464.281250;14000.000000;94.759682;-28.650063
2020-07-22 19:37:00.324324931;56528;0.016000  ;-48722.222656;16000.000977;94.054794;-28.650063
2020-07-22 19:37:00.346724835;56624;0.012800  ;-48930.226562;20000.000000;95.581146;-28.650063
2020-07-22 19:37:00.394725155;56896;0.019200  ;-49725.492188;19000.000000;93.366035;-28.650063
2020-07-22 19:37:00.417125059;56976;0.012800  ;-49784.308594;20000.000000;92.786812;-28.650063
2020-07-22 19:37:00.417125059;56976;0.012800  ;-31666.662109;2000.000122;76.536331;-39.698757
2020-07-22 19:37:00.458725283;57264;0.028800  ;-49599.992188;20000.000000;94.004898;-28.650063
2020-07-22 19:37:00.490724867;57344;0.012800  ;-48378.375000;20000.000000;93.561760;-28.650063
2020-07-22 19:37:00.561125123;57712;0.016000  ;-48948.710938;19000.000000;93.631256;-28.650063
2020-07-22 19:37:00.583524995;57808;0.012800  ;-49549.992188;20000.000000;93.075966;-28.650063
2020-07-22 19:37:00.653925251;58160;0.012800  ;-47233.328125;13000.000000;92.177177;-28.650063
2020-07-22 19:37:00.653925251;58160;0.012800  ;-32307.687500;6000.000000;80.321808;-37.002754
2020-07-22 19:37:00.692324931;58368;0.016000  ;-49232.136719;21000.000000;94.761688;-28.650063
2020-07-22 19:37:00.698725059;58416;0.019200  ;-32705.873047;8000.000488;80.436783;-34.934826
2020-07-22 19:37:00.721124995;58528;0.016000  ;-48904.757812;19000.000000;93.974228;-28.650063
2020-07-22 19:37:00.781925507;58880;0.028800  ;-47259.992188;15000.000000;94.263077;-28.650063
2020-07-22 19:37:00.813925123;58976;0.012800  ;-49731.703125;18000.000000;94.469528;-28.650063
2020-07-22 19:37:00.855525315;59232;0.022400  ;-49024.386719;11000.000000;93.932816;-28.650063
2020-07-22 19:37:00.887524931;59328;0.012800  ;-48933.328125;23000.000000;94.758224;-28.650063
2020-07-22 19:37:00.925925571;59520;0.012800  ;-48266.656250;36000.000000;93.386734;-28.650063
2020-07-22 19:37:00.945124931;59616;0.012800  ;-11999.994141;9000.000000;102.316757;-34.920551
2020-07-22 19:37:00.977125507;59776;0.012800  ;-48708.332031;26000.000000;92.170639;-28.650063
2020-07-22 19:37:01.085925419;60336;0.016000  ;-47580.636719;13000.000000;91.331429;-28.650063
2020-07-22 19:37:01.117925011;60496;0.016000  ;-48649.992188;20000.000000;92.533279;-28.650063
2020-07-22 19:37:01.159525235;60688;0.012800  ;-49039.992188;20000.000000;90.876869;-28.650063
2020-07-22 19:37:01.188325251;60848;0.016000  ;-49042.554688;22000.000000;92.282394;-28.650063
2020-07-22 19:37:01.207525571;60928;0.012800  ;-49595.734375;19000.000000;94.953575;-28.650063
2020-07-22 19:37:01.207525571;60944;0.016000  ;-32307.687500;4000.000244;79.511681;-35.407112
2020-07-22 19:37:01.245925267;61136;0.012800  ;-48821.425781;19000.000000;94.520889;-28.650063
2020-07-22 19:37:01.277924851;61280;0.012800  ;-32666.664062;6000.000000;80.005920;-35.407112
2020-07-22 19:37:01.277924851;61296;0.016000  ;-49183.671875;19000.000000;94.133911;-28.650063
2020-07-22 19:37:01.348325091;61648;0.016000  ;-49346.148438;27000.000000;94.162598;-28.650063
2020-07-22 19:37:01.348325091;61648;0.016000  ;-31999.994141;5000.000000;80.310959;-37.002754
2020-07-22 19:37:01.370724995;61744;0.012800  ;-50069.765625;19000.000000;93.930641;-28.650063
2020-07-22 19:37:01.405925123;62000;0.028800  ;-49435.476562;20000.000000;93.902161;-28.650063
2020-07-22 19:37:01.437925667;62080;0.012800  ;-31999.998047;3000.000000;78.251442;-37.002754
2020-07-22 19:37:01.441125219;62096;0.012800  ;-49351.347656;21000.000000;94.414566;-28.650063
2020-07-22 19:37:01.505125379;62432;0.016000  ;-49651.156250;19000.000000;92.673401;-28.650063
2020-07-22 19:37:01.546725603;62624;0.012800  ;-48891.890625;21000.000000;93.155304;-28.650063
2020-07-22 19:37:01.575525571;62800;0.016000  ;-50391.300781;20000.000000;93.859528;-28.650063
2020-07-22 19:37:01.597925507;62896;0.016000  ;-50374.996094;19000.000000;89.764305;-28.650063
2020-07-22 19:37:01.732324931;63552;0.012800  ;-11888.882812;7000.000000;102.196114;-34.920551
2020-07-22 19:37:01.777124739;63776;0.012800  ;-48676.464844;20000.000000;96.243034;-28.650063
2020-07-22 19:37:01.796325059;63888;0.016000  ;-48357.140625;21000.000000;93.706444;-28.650063
2020-07-22 19:37:01.828325571;64032;0.012800  ;-49681.808594;20000.000000;93.776283;-28.650063
2020-07-22 19:37:01.863524739;64240;0.019200  ;-49392.855469;21000.000000;94.920609;-28.650063
2020-07-22 19:37:01.895525315;64400;0.016000  ;-49312.500000;20000.000000;93.968437;-28.650063
2020-07-22 19:37:01.940325123;64608;0.016000  ;-31599.994141;4000.000244;77.942551;-37.002754
2020-07-22 19:37:01.965925507;64736;0.016000  ;-47588.234375;13000.000000;92.489899;-28.650063
2020-07-22 19:37:01.988325443;64832;0.012800  ;-49874.996094;20000.000000;93.785950;-28.650063
2020-07-22 19:37:02.026725123;65040;0.016000  ;-48738.093750;20000.000000;91.884521;-28.650063
2020-07-22 19:37:02.058724721;65184;0.012800  ;-49627.902344;20000.000000;92.063538;-28.650063
2020-07-22 19:37:02.097125371;65376;0.012800  ;-49805.550781;19000.000000;90.585548;-28.650063
2020-07-22 19:37:02.125925379;65520;0.012800  ;-31999.998047;5000.000000;79.630981;-37.002754
2020-07-22 19:37:02.125925379;65536;0.016000  ;-49571.425781;19000.000000;90.530334;-28.650063
2020-07-22 19:37:02.186724979;65840;0.016000  ;-49127.652344;20000.000000;91.157387;-28.650063
2020-07-22 19:37:02.193125091;65856;0.012800  ;-31749.998047;5000.000000;79.043594;-35.407112
2020-07-22 19:37:02.218725523;65984;0.012800  ;-49277.769531;19000.000000;94.587311;-28.650063
2020-07-22 19:37:02.257125219;66240;0.025600  ;-50044.441406;19000.000000;93.725204;-28.650063
2020-07-22 19:37:02.285925235;66336;0.016000  ;-49760.867188;19000.000000;93.404289;-28.650063
2020-07-22 19:37:02.285925235;66336;0.016000  ;-31874.992188;3000.000000;78.548447;-37.002754
2020-07-22 19:37:02.324324931;66512;0.012800  ;-49349.992188;21000.000000;96.093277;-28.650063
2020-07-22 19:37:02.343525251;66688;0.028800  ;-49433.960938;19000.000000;94.417221;-28.650063
2020-07-22 19:37:02.375524835;66768;0.012800  ;-48744.187500;20000.000000;95.415665;-28.650063
2020-07-22 19:37:02.413925475;67024;0.025600  ;-48351.347656;12000.000000;95.348328;-28.650063
2020-07-22 19:37:02.442725507;67104;0.012800  ;-31444.441406;4000.000244;77.798904;-39.270340
2020-07-22 19:37:02.442725507;67120;0.016000  ;-49729.164062;19000.000000;93.273468;-28.650063
2020-07-22 19:37:02.484324771;67312;0.012800  ;-49511.109375;19000.000000;95.786240;-28.650063
2020-07-22 19:37:02.516325315;67472;0.012800  ;-12111.105469;7000.000000;102.316566;-34.920551
2020-07-22 19:37:02.535525635;67568;0.012800  ;-46857.136719;12000.000000;94.600784;-28.650063
2020-07-22 19:37:02.535525635;67568;0.012800  ;-32124.996094;4000.000244;80.619034;-37.002754
2020-07-22 19:37:02.602725315;67904;0.012800  ;-49124.996094;20000.000000;91.984543;-28.650063
2020-07-22 19:37:02.641125059;68096;0.012800  ;-49256.406250;20000.000000;92.940109;-28.650063
2020-07-22 19:37:02.647525123;68144;0.016000  ;-31999.994141;3000.000000;79.085289;-37.002754
2020-07-22 19:37:02.669925059;68256;0.016000  ;-49437.496094;20000.000000;91.868118;-28.650063
2020-07-22 19:37:02.737124739;68576;0.012800  ;-31874.996094;4000.000244;77.363327;-37.002754
2020-07-22 19:37:02.727525059;68592;0.025600  ;-48899.992188;20000.000000;91.672791;-28.650063
2020-07-22 19:37:02.759525635;68688;0.012800  ;-49224.996094;19000.000000;92.314529;-28.650063
2020-07-22 19:37:02.781925507;68800;0.012800  ;-31499.996094;4000.000244;77.948868;-37.002754
2020-07-22 19:37:02.794724803;68880;0.016000  ;-49702.121094;20000.000000;92.180489;-28.650063
2020-07-22 19:37:02.826725315;69040;0.016000  ;-47225.804688;12000.000000;95.650543;-28.650063
2020-07-22 19:37:02.893925059;69360;0.012800  ;-50249.996094;21000.000000;94.594803;-28.650063
2020-07-22 19:37:02.951525059;69712;0.025600  ;-49606.554688;19000.000000;94.444122;-28.650063
2020-07-22 19:37:02.980325059;69808;0.016000  ;-49452.371094;19000.000000;93.497520;-28.650063
2020-07-22 19:37:03.018724739;69984;0.012800  ;-49857.140625;19000.000000;94.908058;-28.650063
2020-07-22 19:37:03.047524770;70144;0.016000  ;-49073.167969;18000.000000;94.278763;-28.650063
2020-07-22 19:37:03.137125331;70576;0.012800  ;-47172.402344;14000.000000;93.188400;-28.650063
2020-07-22 19:37:03.137125331;70576;0.012800  ;-31999.998047;3000.000000;78.717674;-37.002754
2020-07-22 19:37:03.172325459;70768;0.012800  ;-47903.222656;13000.000000;90.215302;-28.650063
2020-07-22 19:37:03.201125459;70912;0.012800  ;-48749.996094;17000.000000;90.179100;-28.650063
2020-07-22 19:37:03.242724739;71104;0.012800  ;-50024.382812;18000.000000;90.352592;-28.650063
2020-07-22 19:37:03.258725491;71264;0.028800  ;-49123.281250;20000.000000;91.707680;-28.650063
2020-07-22 19:37:03.290725075;71344;0.012800  ;-49604.644531;20000.000000;93.306900;-28.650063
2020-07-22 19:37:03.290725075;71344;0.012800  ;-32272.722656;4000.000244;80.218544;-35.407112
2020-07-22 19:37:03.303525283;71408;0.012800  ;-12249.994141;8000.000488;102.218964;-34.920551
2020-07-22 19:37:03.303525283;71408;0.012800  ;36615.394531;4000.000244;82.974106;-34.739975
2020-07-22 19:37:03.325925187;71536;0.016000  ;-49347.820312;21000.000000;94.089897;-28.650063
2020-07-22 19:37:03.357924771;71680;0.012800  ;-48538.457031;20000.000000;94.644279;-28.650063
2020-07-22 19:37:03.412325219;72016;0.025600  ;-49173.070312;18000.000000;95.527588;-28.650063
2020-07-22 19:37:03.444324803;72112;0.012800  ;-49279.062500;20000.000000;95.131744;-28.650063
2020-07-22 19:37:03.479524931;72304;0.016000  ;-48702.125000;20000.000000;96.453293;-28.650063
2020-07-22 19:37:03.511525475;72448;0.012800  ;-49692.300781;19000.000000;95.288849;-28.650063
2020-07-22 19:37:03.546725603;72640;0.016000  ;-49714.281250;19000.000000;94.955254;-28.650063
2020-07-22 19:37:03.565924963;72800;0.028800  ;-49810.343750;19000.000000;92.849586;-28.650063
2020-07-22 19:37:03.597925507;72880;0.012800  ;-49883.707031;20000.000000;92.379219;-28.650063
2020-07-22 19:37:03.620325379;73008;0.016000  ;-31916.662109;5000.000000;80.387695;-35.407112
2020-07-22 19:37:03.633124675;73136;0.025600  ;-49210.527344;21000.000000;94.660690;-28.650063
2020-07-22 19:37:03.665125187;73216;0.012800  ;-49374.992188;20000.000000;93.606926;-28.650063
2020-07-22 19:37:03.700325315;73408;0.016000  ;-49975.605469;20000.000000;92.392006;-28.650063
2020-07-22 19:37:03.732324931;73552;0.012800  ;-49000.000000;24000.000000;92.647751;-28.650063
2020-07-22 19:37:03.786725379;73904;0.025600  ;-49865.382812;19000.000000;92.175919;-28.650063
2020-07-22 19:37:03.818724931;73984;0.012800  ;-49829.261719;19000.000000;94.594772;-28.650063
2020-07-22 19:37:03.841124867;74096;0.012800  ;-31999.998047;5000.000000;79.868759;-35.407112
2020-07-22 19:37:03.853925059;74176;0.016000  ;-48062.492188;14000.000000;95.716179;-28.650063
2020-07-22 19:37:03.863524739;74208;0.012800  ;-31857.136719;3000.000000;77.815323;-37.002754
2020-07-22 19:37:03.882725059;74320;0.012800  ;-48749.996094;19000.000000;94.545403;-28.650063
2020-07-22 19:37:03.953125315;74672;0.016000  ;-47750.000000;16000.000977;94.866280;-28.650063
2020-07-22 19:37:03.972324675;74752;0.012800  ;-49135.128906;17000.000000;95.733315;-28.650063
2020-07-22 19:37:04.010725315;74944;0.012800  ;-49111.113281;17000.000000;93.388512;-28.650063
2020-07-22 19:37:04.039525350;75104;0.016000  ;-50242.421875;17000.000000;94.961006;-28.650063
2020-07-22 19:37:04.077925047;75280;0.012800  ;-49945.941406;20000.000000;95.542206;-28.650063
2020-07-22 19:37:04.090725263;75344;0.012800  ;-12111.105469;7000.000000;102.248695;-34.920551
2020-07-22 19:37:04.103525483;75424;0.012800  ;-49323.523438;18000.000000;92.602310;-28.650063
2020-07-22 19:37:04.189925507;75856;0.012800  ;-48639.992188;11000.000000;92.520874;-28.650063
2020-07-22 19:37:04.228325203;76032;0.012800  ;-47892.851562;13000.000000;89.804321;-28.650063
2020-07-22 19:37:04.257125219;76192;0.016000  ;-50022.222656;19000.000000;91.130341;-28.650063
2020-07-22 19:37:04.276325539;76288;0.012800  ;-46846.152344;15000.000000;91.114021;-28.650063
2020-07-22 19:37:04.311524707;76464;0.016000  ;-49636.351562;22000.000000;94.017227;-28.650063
2020-07-22 19:37:04.321125347;76496;0.012800  ;-31909.085938;5000.000000;79.972778;-37.002754
2020-07-22 19:37:04.378725379;76848;0.025600  ;-49558.136719;20000.000000;92.818748;-28.650063
2020-07-22 19:37:04.407525379;76944;0.016000  ;-47515.148438;13000.000000;94.057777;-28.650063
2020-07-22 19:37:04.529125539;77600;0.025600  ;-47951.214844;12000.000000;94.637527;-28.650063
2020-07-22 19:37:04.557925539;77696;0.016000  ;-49219.503906;17000.000000;93.909706;-28.650063
2020-07-22 19:37:04.625125251;78016;0.012800  ;-49499.996094;20000.000000;94.633720;-28.650063
2020-07-22 19:37:04.679524739;78352;0.022400  ;-49422.214844;19000.000000;94.549049;-28.650063
2020-07-22 19:37:04.708324739;78448;0.016000  ;-50243.894531;20000.000000;91.287231;-28.650063
2020-07-22 19:37:04.746725379;78624;0.012800  ;-49418.593750;20000.000000;92.386238;-28.650063
2020-07-22 19:37:04.775525379;78784;0.016000  ;-49883.714844;20000.000000;93.011185;-28.650063
2020-07-22 19:37:04.817124675;78976;0.012800  ;-32799.996094;6000.000000;80.977280;-37.002754
2020-07-22 19:37:04.829924931;79104;0.025600  ;-49925.917969;19000.000000;92.414696;-28.650063
2020-07-22 19:37:04.861925443;79200;0.012800  ;-49499.996094;19000.000000;95.390137;-28.650063
2020-07-22 19:37:04.874724675;79264;0.012800  ;-12249.994141;7000.000000;102.388260;-34.920551
2020-07-22 19:37:04.925925571;79536;0.016000  ;-49740.000000;18000.000000;93.979202;-28.650063
2020-07-22 19:37:04.948325443;79632;0.012800  ;-49414.628906;21000.000000;94.892418;-28.650063
2020-07-22 19:37:04.964325251;79712;0.012800  ;-48138.886719;15000.000000;94.300987;-28.650063
2020-07-22 19:37:04.967524867;79728;0.012800  ;-31624.996094;4000.000244;77.282806;-37.002754
2020-07-22 19:37:04.989924739;79840;0.012800  ;-32222.218750;4000.000244;79.723145;-35.407112
2020-07-22 19:37:04.980325059;79872;0.028800  ;-49266.660156;19000.000000;93.035477;-28.650063
2020-07-22 19:37:05.012324675;79952;0.012800  ;-48333.332031;14000.000000;94.483505;-28.650063
2020-07-22 19:37:05.012324675;79968;0.016000  ;-31666.658203;4000.000244;78.032135;-37.002754
2020-07-22 19:37:05.047525724;80144;0.016000  ;-49877.546875;19000.000000;93.321594;-28.650063
2020-07-22 19:37:05.076324779;80288;0.016000  ;-49979.996094;23000.000000;93.841316;-28.650063
2020-07-22 19:37:05.076324779;80288;0.016000  ;-32166.664062;4000.000244;79.509758;-35.407112
2020-07-22 19:37:05.114725427;80464;0.012800  ;-49405.398438;19000.000000;95.286453;-28.650063
2020-07-22 19:37:05.143524491;80624;0.016000  ;-49351.347656;19000.000000;94.385643;-28.650063
2020-07-22 19:37:05.197925891;80960;0.028800  ;-49648.144531;20000.000000;91.095261;-28.650063
2020-07-22 19:37:05.229925475;81040;0.012800  ;-50304.347656;24000.000000;88.884132;-28.650063
2020-07-22 19:37:05.268324211;81232;0.012800  ;-49243.238281;18000.000000;88.637527;-28.650063
2020-07-22 19:37:05.293924643;81360;0.012800  ;-31888.886719;3000.000000;77.662102;-37.002754
2020-07-22 19:37:05.380325635;81792;0.012800  ;-49717.945312;18000.000000;92.486877;-28.650063
2020-07-22 19:37:05.447525347;82128;0.012800  ;-49000.000000;15000.000000;94.535446;-28.650063
2020-07-22 19:37:05.508325891;82432;0.012800  ;-31999.998047;3000.000000;77.910561;-37.002754
2020-07-22 19:37:05.498724291;82464;0.028800  ;-49056.601562;18000.000000;94.257462;-28.650063
2020-07-22 19:37:05.530725795;82544;0.012800  ;-49274.992188;23000.000000;94.739883;-28.650063
2020-07-22 19:37:05.553125699;82672;0.016000  ;-31833.324219;2000.000122;75.805176;-39.698757
2020-07-22 19:37:05.565925923;82720;0.012800  ;-49071.421875;20000.000000;94.860321;-28.650063
2020-07-22 19:37:05.572325059;82768;0.016000  ;-31624.996094;2000.000122;75.889862;-39.270340
2020-07-22 19:37:05.594724995;82864;0.012800  ;-46733.328125;13000.000000;95.722321;-28.650063
2020-07-22 19:37:05.594724995;82864;0.012800  ;-31999.994141;3000.000000;77.459564;-37.002754
2020-07-22 19:37:05.633125635;83056;0.012800  ;-49047.613281;18000.000000;95.341759;-28.650063
2020-07-22 19:37:05.661924675;83200;0.012800  ;-12111.105469;7000.000000;102.326180;-34.920551
2020-07-22 19:37:05.716324163;83520;0.022400  ;-49519.226562;19000.000000;93.283478;-28.650063
2020-07-22 19:37:05.745125123;83616;0.012800  ;-49263.152344;21000.000000;94.201096;-28.650063
2020-07-22 19:37:05.809124291;83952;0.016000  ;-49162.785156;19000.000000;92.224419;-28.650063
2020-07-22 19:37:05.869924867;84240;0.012800  ;-31857.136719;3000.000000;78.998405;-37.002754
2020-07-22 19:37:05.892324739;84352;0.012800  ;-49208.332031;20000.000000;94.162743;-28.650063
2020-07-22 19:37:05.930725443;84544;0.012800  ;-47034.480469;14000.000000;93.585022;-28.650063
2020-07-22 19:37:05.956325827;84672;0.012800  ;-31181.812500;5000.000000;80.459099;-38.034466
2020-07-22 19:37:05.946724227;84688;0.025600  ;-49192.980469;20000.000000;93.949554;-28.650063
2020-07-22 19:37:06.020324995;85024;0.016000  ;-49131.578125;20000.000000;94.988541;-28.650063
2020-07-22 19:37:06.042724927;85104;0.012800  ;-49214.292969;27000.000000;94.462173;-28.650063
2020-07-22 19:37:06.087524731;85344;0.016000  ;-49499.996094;15000.000000;94.221077;-28.650063
2020-07-22 19:37:06.106726011;85440;0.016000  ;-48483.867188;12000.000000;93.917137;-28.650063
2020-07-22 19:37:06.125925379;85520;0.012800  ;-47675.667969;15000.000000;95.772324;-28.650063
2020-07-22 19:37:06.145124755;85616;0.012800  ;-47931.031250;14000.000000;94.835693;-28.650063
2020-07-22 19:37:06.170725187;85760;0.016000  ;-48294.113281;15000.000000;91.844383;-28.650063
2020-07-22 19:37:06.189924563;85840;0.012800  ;-50463.410156;20000.000000;92.543610;-28.650063
2020-07-22 19:37:06.189924563;85840;0.012800  ;-32181.814453;4000.000244;80.249969;-37.002754
2020-07-22 19:37:06.228325203;86032;0.012800  ;-49909.082031;20000.000000;95.067711;-28.650063
2020-07-22 19:37:06.244325955;86176;0.025600  ;-49145.453125;19000.000000;91.544601;-28.650063
2020-07-22 19:37:06.292324387;86352;0.012800  ;-49552.625000;20000.000000;91.925751;-28.650063
2020-07-22 19:37:06.311525667;86496;0.019200  ;-49155.164062;21000.000000;92.738495;-28.650063
2020-07-22 19:37:06.340324707;86592;0.012800  ;-45514.281250;18000.000000;92.635384;-28.650063
2020-07-22 19:37:06.375524835;86816;0.019200  ;-49099.992188;20000.000000;90.901665;-28.650063
2020-07-22 19:37:06.404325795;86912;0.012800  ;-49810.804688;19000.000000;93.475433;-28.650063
2020-07-22 19:37:06.423525187;87024;0.016000  ;-31999.994141;4000.000244;79.535339;-37.002754
2020-07-22 19:37:06.439525923;87088;0.012800  ;-46826.082031;13000.000000;94.968033;-28.650063
2020-07-22 19:37:06.449125603;87136;0.012800  ;-11999.995117;7000.000000;102.380348;-34.920551
2020-07-22 19:37:06.465124451;87232;0.012800  ;-49184.207031;20000.000000;93.071274;-28.650063
2020-07-22 19:37:06.529125539;87552;0.016000  ;-49549.996094;18000.000000;93.024384;-28.650063
2020-07-22 19:37:06.548324899;87648;0.012800  ;-49048.777344;20000.000000;94.051483;-28.650063
2020-07-22 19:37:06.586725571;87824;0.012800  ;-50153.839844;19000.000000;95.180489;-28.650063
2020-07-22 19:37:06.602724419;87920;0.016000  ;-47027.777344;14000.000000;95.253151;-28.650063
2020-07-22 19:37:06.666725507;88240;0.016000  ;-48878.781250;18000.000000;95.329903;-28.650063
2020-07-22 19:37:06.698725059;88400;0.016000  ;-50499.996094;17000.000000;93.510773;-28.650063
2020-07-22 19:37:06.733925187;88560;0.012800  ;-48934.781250;24000.000000;93.938568;-28.650063
2020-07-22 19:37:06.759525635;88688;0.012800  ;-31999.994141;5000.000000;78.699821;-35.407112
2020-07-22 19:37:06.759525635;88704;0.016000  ;-49431.371094;19000.000000;91.916725;-28.650063
2020-07-22 19:37:06.845924675;89120;0.012800  ;-49043.480469;15000.000000;90.628349;-28.650063
2020-07-22 19:37:06.877924291;89344;0.025600  ;-48031.250000;12000.000000;92.134010;-28.650063
2020-07-22 19:37:06.906725251;89440;0.016000  ;-49319.144531;19000.000000;91.113647;-28.650063
2020-07-22 19:37:06.941925379;89616;0.012800  ;-47666.664062;15000.000000;90.195465;-28.650063
2020-07-22 19:37:06.948324547;89648;0.016000  ;-31916.662109;5000.000000;79.293213;-37.002754
2020-07-22 19:37:06.961124739;89760;0.022400  ;-49313.714844;20000.000000;92.727493;-28.650063
2020-07-22 19:37:06.989925699;89840;0.012800  ;-31909.085938;3000.000000;78.909302;-37.002754
2020-07-22 19:37:07.025125827;90080;0.022400  ;-49659.574219;18000.000000;94.637329;-28.650063
2020-07-22 19:37:07.053924879;90160;0.012800  ;-49194.441406;20000.000000;94.284256;-28.650063
2020-07-22 19:37:07.089124999;90336;0.012800  ;-49560.972656;20000.000000;95.394402;-28.650063
2020-07-22 19:37:07.105125747;90480;0.025600  ;-49294.117188;18000.000000;93.743141;-28.650063
2020-07-22 19:37:07.169124915;90752;0.016000  ;-49673.902344;20000.000000;95.828781;-28.650063
2020-07-22 19:37:07.197925891;90880;0.012800  ;-49432.433594;20000.000000;94.167038;-28.650063
2020-07-22 19:37:07.236324627;91072;0.012800  ;-11888.882812;7000.000000;102.263481;-34.920551
2020-07-22 19:37:07.261925059;91200;0.012800  ;-49047.613281;20000.000000;93.947533;-28.650063
2020-07-22 19:37:07.325924227;91520;0.012800  ;-47759.996094;12000.000000;92.049408;-28.650063
2020-07-22 19:37:07.345125507;91616;0.012800  ;-48481.484375;16000.000977;92.772522;-28.650063
2020-07-22 19:37:07.380325635;91792;0.012800  ;-50235.292969;18000.000000;91.144112;-28.650063
2020-07-22 19:37:07.405924163;91936;0.016000  ;-49439.015625;19000.000000;91.388588;-28.650063
2020-07-22 19:37:07.469925251;92256;0.016000  ;-48885.707031;17000.000000;90.289818;-28.650063
2020-07-22 19:37:07.489124611;92336;0.012800  ;-48975.605469;20000.000000;93.076576;-28.650063
2020-07-22 19:37:07.524324739;92512;0.012800  ;-49108.101562;18000.000000;94.493927;-28.650063
2020-07-22 19:37:07.553125699;92656;0.012800  ;-49454.539062;20000.000000;94.528702;-28.650063
2020-07-22 19:37:07.588325827;92832;0.012800  ;-47359.996094;12000.000000;95.997925;-28.650063
2020-07-22 19:37:07.604324675;92976;0.025600  ;-49826.921875;19000.000000;95.720451;-28.650063
2020-07-22 19:37:07.636324227;93072;0.012800  ;-48948.710938;20000.000000;95.711777;-28.650063
2020-07-22 19:37:07.671524355;93248;0.012800  ;-50828.562500;22000.000000;95.585197;-28.650063
2020-07-22 19:37:07.697124803;93392;0.016000  ;-49041.660156;20000.000000;94.449524;-28.650063
2020-07-22 19:37:07.735525443;93568;0.012800  ;-49290.312500;19000.000000;94.681999;-28.650063
2020-07-22 19:37:07.761125891;93712;0.016000  ;-48631.574219;20000.000000;93.760590;-28.650063
2020-07-22 19:37:07.815525379;94032;0.025600  ;-49075.468750;21000.000000;94.654343;-28.650063
2020-07-22 19:37:07.844324419;94112;0.012800  ;-48699.996094;13000.000000;90.306381;-28.650063
2020-07-22 19:37:07.882725059;94304;0.012800  ;-49735.285156;18000.000000;91.713387;-28.650063
2020-07-22 19:37:07.908325507;94448;0.016000  ;-49611.105469;17000.000000;93.543938;-28.650063
2020-07-22 19:37:07.927524867;94528;0.012800  ;-49432.429688;19000.000000;91.172668;-28.650063
2020-07-22 19:37:07.959524483;94752;0.025600  ;-48212.117188;13000.000000;91.210373;-28.650063
2020-07-22 19:37:07.991525955;94848;0.012800  ;-49222.218750;21000.000000;92.537308;-28.650063
2020-07-22 19:37:08.020324995;94992;0.012800  ;-12111.105469;7000.000000;102.421791;-34.920551
2020-07-22 19:37:08.052324613;95168;0.016000  ;-49499.992188;20000.000000;92.860245;-28.650063
2020-07-22 19:37:08.071525891;95248;0.012800  ;-49699.996094;20000.000000;94.821938;-28.650063
2020-07-22 19:37:08.106724107;95424;0.012800  ;-48535.710938;12000.000000;94.129784;-28.650063
2020-07-22 19:37:08.113125163;95456;0.012800  ;-57727.273438;4000.000244;80.938370;-34.888474
2020-07-22 19:37:08.135525067;95568;0.012800  ;-48763.156250;19000.000000;95.055214;-28.650063
2020-07-22 19:37:08.170725187;95744;0.012800  ;-47285.707031;10000.000000;95.591347;-28.650063
2020-07-22 19:37:08.196325619;95872;0.012800  ;-31999.994141;3000.000000;78.218567;-37.002754
2020-07-22 19:37:08.196325619;95888;0.016000  ;-48478.257812;24000.000000;95.180840;-28.650063
2020-07-22 19:37:08.215524995;95968;0.012800  ;-48949.996094;19000.000000;95.996925;-28.650063
2020-07-22 19:37:08.250725107;96144;0.012800  ;-49058.816406;16000.000977;93.330429;-28.650063
2020-07-22 19:37:08.314724291;96464;0.012800  ;-48939.390625;19000.000000;95.263580;-28.650063
2020-07-22 19:37:08.340324707;96592;0.012800  ;-49325.578125;20000.000000;95.163307;-28.650063
2020-07-22 19:37:08.391525571;96912;0.025600  ;-49614.031250;20000.000000;91.910889;-28.650063
2020-07-22 19:37:08.455524771;97216;0.019200  ;-47473.679688;14000.000000;91.014526;-28.650063
2020-07-22 19:37:08.484325731;97312;0.012800  ;-50642.847656;23000.000000;90.199646;-28.650063
2020-07-22 19:37:08.545124387;97616;0.012800  ;-46933.328125;13000.000000;94.656631;-28.650063
2020-07-22 19:37:08.605924931;97936;0.016000  ;-48972.972656;21000.000000;94.710579;-28.650063
2020-07-22 19:37:08.625124291;98016;0.012800  ;-49395.343750;19000.000000;95.570572;-28.650063
2020-07-22 19:37:08.660324419;98240;0.022400  ;-49361.105469;20000.000000;94.776848;-28.650063
2020-07-22 19:37:08.685924867;98336;0.016000  ;-50523.808594;19000.000000;94.716690;-28.650063
2020-07-22 19:37:08.807525955;98928;0.012800  ;-12111.105469;7000.000000;102.168510;-34.920551
2020-07-22 19:37:08.820324291;99040;0.022400  ;-49199.996094;19000.000000;94.649490;-28.650063
2020-07-22 19:37:08.881124803;99360;0.025600  ;-49414.628906;16000.000977;93.170258;-28.650063
2020-07-22 19:37:08.909925763;99440;0.012800  ;-47749.992188;13000.000000;88.976387;-28.650063
2020-07-22 19:37:08.909925763;99440;0.012800  ;-31699.996094;5000.000000;80.024643;-37.002754
2020-07-22 19:37:08.945125891;99616;0.012800  ;-49775.503906;25000.000000;89.611946;-28.650063
2020-07-22 19:37:08.961124739;99760;0.025600  ;-48914.894531;19000.000000;90.253380;-28.650063
2020-07-22 19:37:09.025125827;100016;0.012800  ;-48878.046875;20000.000000;91.845764;-28.650063
2020-07-22 19:37:09.114725427;100464;0.012800  ;-49299.992188;20000.000000;93.464272;-28.650063
2020-07-22 19:37:09.165924387;100784;0.025600  ;-49480.761719;21000.000000;94.038803;-28.650063